<?xml version="1.0" encoding="UTF-8"?>
<testng-results ignored="0" total="2" passed="2" failed="0" skipped="0">
  <reporter-output>
  </reporter-output>
  <suite started-at="2020-05-11T08:48:37Z" name="Test Execution" finished-at="2020-05-11T08:49:31Z" duration-ms="54008">
    <groups>
    </groups>
    <test started-at="2020-05-11T08:48:37Z" name="E2E Test Suite On Web - Chrome" finished-at="2020-05-11T08:49:31Z" duration-ms="54008">
      <class name="tests.HomePageTest">
        <test-method is-config="true" signature="startAppiumServer(java.lang.String, java.lang.String)[pri:0, instance:tests.HomePageTest@5fe94a96]" started-at="2020-05-11T08:48:37Z" name="startAppiumServer" finished-at="2020-05-11T08:48:37Z" duration-ms="49" status="PASS">
          <params>
            <param index="0">
              <value>
                <![CDATA[web]]>
              </value>
            </param>
            <param index="1">
              <value>
                <![CDATA[chrome]]>
              </value>
            </param>
          </params>
          <reporter-output>
          </reporter-output>
        </test-method> <!-- startAppiumServer -->
        <test-method is-config="true" signature="setupDriver(java.lang.String, java.lang.String, java.lang.String)[pri:0, instance:tests.HomePageTest@5fe94a96]" started-at="2020-05-11T08:48:37Z" name="setupDriver" finished-at="2020-05-11T08:49:03Z" duration-ms="26590" status="PASS">
          <params>
            <param index="0">
              <value>
                <![CDATA[web]]>
              </value>
            </param>
            <param index="1">
              <value>
                <![CDATA[chrome]]>
              </value>
            </param>
            <param index="2">
              <value is-null="true"/>
            </param>
          </params>
          <reporter-output>
          </reporter-output>
        </test-method> <!-- setupDriver -->
        <test-method signature="testSignInOption()[pri:0, instance:tests.HomePageTest@5fe94a96]" started-at="2020-05-11T08:49:04Z" name="testSignInOption" description="testing the signin page visually" finished-at="2020-05-11T08:49:11Z" duration-ms="7088" status="PASS">
          <reporter-output>
          </reporter-output>
        </test-method> <!-- testSignInOption -->
        <test-method is-config="true" signature="teardownDriver()[pri:0, instance:tests.HomePageTest@5fe94a96]" started-at="2020-05-11T08:49:11Z" name="teardownDriver" finished-at="2020-05-11T08:49:12Z" duration-ms="1567" status="PASS">
          <reporter-output>
          </reporter-output>
        </test-method> <!-- teardownDriver -->
        <test-method is-config="true" signature="setupDriver(java.lang.String, java.lang.String, java.lang.String)[pri:0, instance:tests.HomePageTest@5fe94a96]" started-at="2020-05-11T08:49:12Z" name="setupDriver" finished-at="2020-05-11T08:49:27Z" duration-ms="14357" status="PASS">
          <params>
            <param index="0">
              <value>
                <![CDATA[web]]>
              </value>
            </param>
            <param index="1">
              <value>
                <![CDATA[chrome]]>
              </value>
            </param>
            <param index="2">
              <value is-null="true"/>
            </param>
          </params>
          <reporter-output>
          </reporter-output>
        </test-method> <!-- setupDriver -->
        <test-method signature="testSignUpOption()[pri:0, instance:tests.HomePageTest@5fe94a96]" started-at="2020-05-11T08:49:27Z" name="testSignUpOption" description="testing the signup page visually" finished-at="2020-05-11T08:49:29Z" duration-ms="2479" status="PASS">
          <reporter-output>
          </reporter-output>
        </test-method> <!-- testSignUpOption -->
        <test-method is-config="true" signature="teardownDriver()[pri:0, instance:tests.HomePageTest@5fe94a96]" started-at="2020-05-11T08:49:29Z" name="teardownDriver" finished-at="2020-05-11T08:49:31Z" duration-ms="1354" status="PASS">
          <reporter-output>
          </reporter-output>
        </test-method> <!-- teardownDriver -->
        <test-method is-config="true" signature="stopAppiumServer(java.lang.String, java.lang.String)[pri:0, instance:tests.HomePageTest@5fe94a96]" started-at="2020-05-11T08:49:31Z" name="stopAppiumServer" finished-at="2020-05-11T08:49:31Z" duration-ms="1" status="PASS">
          <params>
            <param index="0">
              <value>
                <![CDATA[web]]>
              </value>
            </param>
            <param index="1">
              <value>
                <![CDATA[chrome]]>
              </value>
            </param>
          </params>
          <reporter-output>
          </reporter-output>
        </test-method> <!-- stopAppiumServer -->
      </class> <!-- tests.HomePageTest -->
    </test> <!-- E2E Test Suite On Web - Chrome -->
  </suite> <!-- Test Execution -->
</testng-results>
